Ping/Traceroute commands of A-BL1B

------------------------------------------------------------

show run | no-more


! Command: show running-config
! device: A-BL1B (vEOS-lab, EOS-4.28.5M)
!
! boot system flash:/vEOS-lab.swi
!
no aaa root
!
username ansible privilege 15 role network-admin secret sha512 $6$7u4j1rkb3VELgcZE$EJt2Qff8kd/TapRoci0XaIZsL4tFzgq1YZBLD9c6f/knXzvcYY0NcMKndZeCv0T268knGKhOEwZAxqKjlMm920
!
daemon TerminAttr
   exec /usr/bin/TerminAttr -smashexcludes=ale,flexCounter,hardware,kni,pulse,strata -cvaddr=apiserver.cv-staging.corp.arista.io:443 -cvauth=token-secure,/tmp/cv-onboarding-token -cvvrf=MGMT -taillogs
   no shutdown
!
transceiver qsfp default-mode 4x10G
!
service routing protocols model ribd
!
hostname A-BL1B
ip name-server vrf MGMT 8.8.8.8
!
sflow sample 1000
sflow polling-interval 20
sflow destination 127.0.0.1
sflow source-interface Loopback0
sflow run
!
spanning-tree mode mstp
!
vrf instance MGMT
!
management api http-commands
   no shutdown
   !
   vrf MGMT
      no shutdown
!
interface Ethernet1
!
interface Ethernet2
!
interface Ethernet3
!
interface Ethernet4
!
interface Ethernet5
!
interface Ethernet6
!
interface Ethernet7
!
interface Ethernet8
!
interface Ethernet9
!
interface Ethernet10
!
interface Ethernet11
!
interface Ethernet12
!
interface Management1
   description oob_management
   vrf MGMT
   ip address 172.16.1.107/24
!
no ip routing
no ip routing vrf MGMT
!
ip route vrf MGMT 0.0.0.0/0 172.16.1.1
!
end

================================================================================
