Ping/Traceroute commands of A-SPINE2

------------------------------------------------------------

show run | no-more


! Command: show running-config
! device: A-SPINE2 (vEOS-lab, EOS-4.28.5M)
!
! boot system flash:/vEOS-lab.swi
!
no aaa root
!
username ansible privilege 15 role network-admin secret sha512 $6$7u4j1rkb3VELgcZE$EJt2Qff8kd/TapRoci0XaIZsL4tFzgq1YZBLD9c6f/knXzvcYY0NcMKndZeCv0T268knGKhOEwZAxqKjlMm920
!
daemon TerminAttr
   exec /usr/bin/TerminAttr -smashexcludes=ale,flexCounter,hardware,kni,pulse,strata -cvaddr=apiserver.cv-staging.corp.arista.io:443 -cvauth=token-secure,/tmp/cv-onboarding-token -cvvrf=MGMT -taillogs
   no shutdown
!
transceiver qsfp default-mode 4x10G
!
service routing protocols model multi-agent
!
hostname A-SPINE2
ip name-server vrf MGMT 8.8.8.8
!
sflow sample 1000
sflow polling-interval 20
sflow destination 127.0.0.1
sflow source-interface Loopback0
sflow run
!
spanning-tree mode mstp
!
vrf instance MGMT
!
management api http-commands
   protocol http
   no shutdown
   !
   vrf MGMT
      no shutdown
!
interface Ethernet1
   description A-LEAF1A
   no switchport
   ip address 10.101.202.202/24
!
interface Ethernet2
   description A-LEAF2A
   no switchport
   ip address 10.102.202.202/24
!
interface Ethernet3
   description A-LEAF2B
   no switchport
   ip address 10.103.202.202/24
!
interface Ethernet4
   description A-SVC1A
   no switchport
   ip address 10.104.202.202/24
!
interface Ethernet5
   description A-SVC1B
   no switchport
   ip address 10.105.202.202/24
!
interface Ethernet6
   description A-BL1A
   no switchport
   ip address 10.106.202.202/24
!
interface Ethernet7
   description A-BL1B
   no switchport
   ip address 10.107.202.202/24
!
interface Ethernet8
!
interface Ethernet9
!
interface Ethernet10
!
interface Ethernet11
!
interface Ethernet12
!
interface Loopback0
   description EVPN Peering Source
   ip address 1.1.1.202/32
!
interface Management1
   description oob_management
   vrf MGMT
   ip address 172.16.1.12/24
!
ip routing
no ip routing vrf MGMT
!
ip prefix-list PL-LOOPBACKS seq 10 permit 1.1.1.0/24 le 32
ip prefix-list PL-P2P-UNDERLAY seq 10 permit 10.0.0.0/8 le 31
!
ip route vrf MGMT 0.0.0.0/0 10.50.50.1
ip route vrf MGMT 0.0.0.0/0 172.16.1.1
!
route-map RM-CONN-2-BGP permit 10
   match ip address prefix-list PL-LOOPBACKS
!
route-map RM-CONN-2-BGP permit 20
   match ip address prefix-list PL-P2P-UNDERLAY
!
peer-filter LEAF-AS-RANGE
   10 match as-range 65001-65199 result accept
!
router bgp 65001
   router-id 1.1.1.202
   no bgp default ipv4-unicast
   bgp listen range 1.1.1.0/24 peer-group EVPN-OVERLAY-PEERS peer-filter LEAF-AS-RANGE
   bgp listen range 10.0.0.0/8 peer-group IPv4-UNDERLAY-PEERS peer-filter LEAF-AS-RANGE
   neighbor EVPN-OVERLAY-PEERS peer group
   neighbor EVPN-OVERLAY-PEERS next-hop-unchanged
   neighbor EVPN-OVERLAY-PEERS update-source Loopback0
   neighbor EVPN-OVERLAY-PEERS bfd
   neighbor EVPN-OVERLAY-PEERS ebgp-multihop 3
   neighbor EVPN-OVERLAY-PEERS password 7 Jvf4RYGH+51PCxaLRIwJLA==
   neighbor EVPN-OVERLAY-PEERS send-community
   neighbor EVPN-OVERLAY-PEERS maximum-routes 0
   neighbor IPv4-UNDERLAY-PEERS peer group
   neighbor IPv4-UNDERLAY-PEERS password 7 euk/Aq5jGSKaHeBB3dpt4A==
   neighbor IPv4-UNDERLAY-PEERS send-community
   neighbor IPv4-UNDERLAY-PEERS maximum-routes 12000
   redistribute connected route-map RM-CONN-2-BGP
   !
   address-family evpn
      neighbor EVPN-OVERLAY-PEERS activate
   !
   address-family ipv4
      neighbor IPv4-UNDERLAY-PEERS activate
!
management ssh
   vrf MGMT
      no shutdown
!
end

================================================================================
